g:\simulation and concurrency\acw_otherframework\visual studio solution\sdl2_wrapper\release\vc140.pdb
g:\simulation and concurrency\acw_otherframework\visual studio solution\sdl2_wrapper\release\mesh.obj
g:\simulation and concurrency\acw_otherframework\visual studio solution\sdl2_wrapper\release\material.obj
g:\simulation and concurrency\acw_otherframework\visual studio solution\sdl2_wrapper\release\main.obj
g:\simulation and concurrency\acw_otherframework\visual studio solution\sdl2_wrapper\release\image.obj
g:\simulation and concurrency\acw_otherframework\visual studio solution\sdl2_wrapper\release\geometry_pass.obj
g:\simulation and concurrency\acw_otherframework\visual studio solution\sdl2_wrapper\release\environment.obj
g:\simulation and concurrency\acw_otherframework\visual studio solution\sdl2_wrapper\release\enforce_default.obj
g:\simulation and concurrency\acw_otherframework\visual studio solution\sdl2_wrapper\release\d3d_window.obj
g:\simulation and concurrency\acw_otherframework\visual studio solution\sdl2_wrapper\release\d3d_texture.obj
g:\simulation and concurrency\acw_otherframework\visual studio solution\sdl2_wrapper\release\d3d_context.obj
g:\simulation and concurrency\acw_otherframework\visual studio solution\sdl2_wrapper\release\d3d_shaders.obj
g:\simulation and concurrency\acw_otherframework\visual studio solution\sdl2_wrapper\release\d3d_pipeline_state.obj
g:\simulation and concurrency\acw_otherframework\visual studio solution\sdl2_wrapper\release\d3d_gpu_geometry.obj
g:\simulation and concurrency\acw_otherframework\visual studio solution\sdl2_wrapper\release\d3d_context_resources.obj
g:\simulation and concurrency\acw_otherframework\visual studio solution\sdl2_wrapper\release\contactmanifold.obj
g:\simulation and concurrency\acw_otherframework\visual studio solution\sdl2_wrapper\release\clock.obj
g:\simulation and concurrency\acw_otherframework\visual studio solution\sdl2_wrapper\release\a_world.obj
g:\simulation and concurrency\acw_otherframework\visual studio solution\sdl2_wrapper\release\associative_language_parser.obj
g:\simulation and concurrency\acw_otherframework\visual studio solution\sdl2_wrapper\release\archtype.obj
g:\simulation and concurrency\acw_otherframework\visual studio solution\sdl2_wrapper\release\animation.obj
g:\simulation and concurrency\acw_otherframework\visual studio solution\sdl2_wrapper\release\tcplistener.obj
g:\simulation and concurrency\acw_otherframework\visual studio solution\sdl2_wrapper\release\tcpconnection.obj
g:\simulation and concurrency\acw_otherframework\visual studio solution\sdl2_wrapper\release\sys_shader.obj
g:\simulation and concurrency\acw_otherframework\visual studio solution\sdl2_wrapper\release\sphere.obj
g:\simulation and concurrency\acw_otherframework\visual studio solution\sdl2_wrapper\release\so_scenery.obj
g:\simulation and concurrency\acw_otherframework\visual studio solution\sdl2_wrapper\release\so_camera.obj
g:\simulation and concurrency\acw_otherframework\visual studio solution\sdl2_wrapper\release\so_base.obj
g:\simulation and concurrency\acw_otherframework\visual studio solution\sdl2_wrapper\release\clear.obj
g:\simulation and concurrency\acw_otherframework\visual studio solution\sdl2_wrapper\release\simulation.obj
g:\simulation and concurrency\acw_otherframework\visual studio solution\sdl2_wrapper\release\set_shader.obj
g:\simulation and concurrency\acw_otherframework\visual studio solution\sdl2_wrapper\release\scene.obj
g:\simulation and concurrency\acw_otherframework\visual studio solution\sdl2_wrapper\release\render_state.obj
g:\simulation and concurrency\acw_otherframework\visual studio solution\sdl2_wrapper\release\master.obj
g:\simulation and concurrency\acw_otherframework\visual studio solution\sdl2_wrapper\release\registry.obj
g:\simulation and concurrency\acw_otherframework\visual studio solution\sdl2_wrapper\release\p_base.obj
g:\simulation and concurrency\acw_otherframework\visual studio solution\sdl2_wrapper\release\plane.obj
g:\simulation and concurrency\acw_otherframework\visual studio solution\sdl2_wrapper\release\physicsthread.obj
g:\simulation and concurrency\acw_otherframework\visual studio solution\sdl2_wrapper\release\perspective_view.obj
g:\simulation and concurrency\acw_otherframework\visual studio solution\sdl2_wrapper\release\network_thread.obj
g:\simulation and concurrency\acw_otherframework\visual studio solution\sdl2_wrapper\release\model.obj
g:\simulation and concurrency\acw_otherframework\visual studio solution\sdl2_wrapper\release\window_manager.obj
g:\simulation and concurrency\acw_otherframework\visual studio solution\sdl2_wrapper\release\window_archtype.obj
g:\simulation and concurrency\acw_otherframework\visual studio solution\sdl2_wrapper\release\uv_sphere_generator.obj
g:\simulation and concurrency\acw_otherframework\visual studio solution\sdl2_wrapper\release\udp.obj
g:\simulation and concurrency\acw_otherframework\visual studio solution\sdl2_wrapper\release\ui.obj
g:\simulation and concurrency\acw_otherframework\visual studio solution\sdl2_wrapper\release\enclosure.obj
c:\users\andrew\desktop\__simulation and concurrency__\simcon_labs\acw_otherframework\visual studio solution\sdl2_wrapper\release\vc140.pdb
c:\users\andrew\desktop\__simulation and concurrency__\simcon_labs\acw_otherframework\visual studio solution\sdl2_wrapper\release\material.obj
c:\users\andrew\desktop\__simulation and concurrency__\simcon_labs\acw_otherframework\visual studio solution\sdl2_wrapper\release\main.obj
c:\users\andrew\desktop\__simulation and concurrency__\simcon_labs\acw_otherframework\visual studio solution\sdl2_wrapper\release\image.obj
c:\users\andrew\desktop\__simulation and concurrency__\simcon_labs\acw_otherframework\visual studio solution\sdl2_wrapper\release\geometry_pass.obj
c:\users\andrew\desktop\__simulation and concurrency__\simcon_labs\acw_otherframework\visual studio solution\sdl2_wrapper\release\environment.obj
c:\users\andrew\desktop\__simulation and concurrency__\simcon_labs\acw_otherframework\visual studio solution\sdl2_wrapper\release\enforce_default.obj
c:\users\andrew\desktop\__simulation and concurrency__\simcon_labs\acw_otherframework\visual studio solution\sdl2_wrapper\release\enclosure.obj
c:\users\andrew\desktop\__simulation and concurrency__\simcon_labs\acw_otherframework\visual studio solution\sdl2_wrapper\release\d3d_window.obj
c:\users\andrew\desktop\__simulation and concurrency__\simcon_labs\acw_otherframework\visual studio solution\sdl2_wrapper\release\d3d_texture.obj
c:\users\andrew\desktop\__simulation and concurrency__\simcon_labs\acw_otherframework\visual studio solution\sdl2_wrapper\release\d3d_context.obj
c:\users\andrew\desktop\__simulation and concurrency__\simcon_labs\acw_otherframework\visual studio solution\sdl2_wrapper\release\d3d_shaders.obj
c:\users\andrew\desktop\__simulation and concurrency__\simcon_labs\acw_otherframework\visual studio solution\sdl2_wrapper\release\d3d_pipeline_state.obj
c:\users\andrew\desktop\__simulation and concurrency__\simcon_labs\acw_otherframework\visual studio solution\sdl2_wrapper\release\d3d_gpu_geometry.obj
c:\users\andrew\desktop\__simulation and concurrency__\simcon_labs\acw_otherframework\visual studio solution\sdl2_wrapper\release\d3d_context_resources.obj
c:\users\andrew\desktop\__simulation and concurrency__\simcon_labs\acw_otherframework\visual studio solution\sdl2_wrapper\release\contactmanifold.obj
c:\users\andrew\desktop\__simulation and concurrency__\simcon_labs\acw_otherframework\visual studio solution\sdl2_wrapper\release\clock.obj
c:\users\andrew\desktop\__simulation and concurrency__\simcon_labs\acw_otherframework\visual studio solution\sdl2_wrapper\release\a_world.obj
c:\users\andrew\desktop\__simulation and concurrency__\simcon_labs\acw_otherframework\visual studio solution\sdl2_wrapper\release\associative_language_parser.obj
c:\users\andrew\desktop\__simulation and concurrency__\simcon_labs\acw_otherframework\visual studio solution\sdl2_wrapper\release\archtype.obj
c:\users\andrew\desktop\__simulation and concurrency__\simcon_labs\acw_otherframework\visual studio solution\sdl2_wrapper\release\animation.obj
c:\users\andrew\desktop\__simulation and concurrency__\simcon_labs\acw_otherframework\visual studio solution\sdl2_wrapper\release\sys_shader.obj
c:\users\andrew\desktop\__simulation and concurrency__\simcon_labs\acw_otherframework\visual studio solution\sdl2_wrapper\release\sphere.obj
c:\users\andrew\desktop\__simulation and concurrency__\simcon_labs\acw_otherframework\visual studio solution\sdl2_wrapper\release\so_scenery.obj
c:\users\andrew\desktop\__simulation and concurrency__\simcon_labs\acw_otherframework\visual studio solution\sdl2_wrapper\release\so_camera.obj
c:\users\andrew\desktop\__simulation and concurrency__\simcon_labs\acw_otherframework\visual studio solution\sdl2_wrapper\release\so_base.obj
c:\users\andrew\desktop\__simulation and concurrency__\simcon_labs\acw_otherframework\visual studio solution\sdl2_wrapper\release\clear.obj
c:\users\andrew\desktop\__simulation and concurrency__\simcon_labs\acw_otherframework\visual studio solution\sdl2_wrapper\release\simulation.obj
c:\users\andrew\desktop\__simulation and concurrency__\simcon_labs\acw_otherframework\visual studio solution\sdl2_wrapper\release\set_shader.obj
c:\users\andrew\desktop\__simulation and concurrency__\simcon_labs\acw_otherframework\visual studio solution\sdl2_wrapper\release\scene.obj
c:\users\andrew\desktop\__simulation and concurrency__\simcon_labs\acw_otherframework\visual studio solution\sdl2_wrapper\release\render_state.obj
c:\users\andrew\desktop\__simulation and concurrency__\simcon_labs\acw_otherframework\visual studio solution\sdl2_wrapper\release\master.obj
c:\users\andrew\desktop\__simulation and concurrency__\simcon_labs\acw_otherframework\visual studio solution\sdl2_wrapper\release\registry.obj
c:\users\andrew\desktop\__simulation and concurrency__\simcon_labs\acw_otherframework\visual studio solution\sdl2_wrapper\release\p_base.obj
c:\users\andrew\desktop\__simulation and concurrency__\simcon_labs\acw_otherframework\visual studio solution\sdl2_wrapper\release\plane.obj
c:\users\andrew\desktop\__simulation and concurrency__\simcon_labs\acw_otherframework\visual studio solution\sdl2_wrapper\release\physicsthread.obj
c:\users\andrew\desktop\__simulation and concurrency__\simcon_labs\acw_otherframework\visual studio solution\sdl2_wrapper\release\perspective_view.obj
c:\users\andrew\desktop\__simulation and concurrency__\simcon_labs\acw_otherframework\visual studio solution\sdl2_wrapper\release\network_thread.obj
c:\users\andrew\desktop\__simulation and concurrency__\simcon_labs\acw_otherframework\visual studio solution\sdl2_wrapper\release\model.obj
c:\users\andrew\desktop\__simulation and concurrency__\simcon_labs\acw_otherframework\visual studio solution\sdl2_wrapper\release\mesh.obj
c:\users\andrew\desktop\__simulation and concurrency__\simcon_labs\acw_otherframework\visual studio solution\sdl2_wrapper\release\window_manager.obj
c:\users\andrew\desktop\__simulation and concurrency__\simcon_labs\acw_otherframework\visual studio solution\sdl2_wrapper\release\window_archtype.obj
c:\users\andrew\desktop\__simulation and concurrency__\simcon_labs\acw_otherframework\visual studio solution\sdl2_wrapper\release\uv_sphere_generator.obj
c:\users\andrew\desktop\__simulation and concurrency__\simcon_labs\acw_otherframework\visual studio solution\sdl2_wrapper\release\ui.obj
c:\users\andrew\desktop\__simulation and concurrency__\simcon_labs\acw_otherframework\visual studio solution\sdl2_wrapper\release\udp.obj
c:\users\andrew\desktop\__simulation and concurrency__\simcon_labs\acw_otherframework\visual studio solution\sdl2_wrapper\release\tcplistener.obj
c:\users\andrew\desktop\__simulation and concurrency__\simcon_labs\acw_otherframework\visual studio solution\sdl2_wrapper\release\tcpconnection.obj
c:\users\andrew\desktop\__simulation and concurrency__\simcon_labs\acw_otherframework\visual studio solution\sdl2_wrapper\release\netphy_communications.obj
g:\simulation and concurrency\acw_otherframework\visual studio solution\release\sdl2_wrapper.exe
g:\simulation and concurrency\acw_otherframework\visual studio solution\release\sdl2_wrapper.ipdb
g:\simulation and concurrency\acw_otherframework\visual studio solution\release\sdl2_wrapper.iobj
g:\simulation and concurrency\acw_otherframework\visual studio solution\release\sdl2_wrapper.pdb
c:\users\andrew\desktop\__simulation and concurrency__\simcon_labs\acw_otherframework\visual studio solution\release\sdl2_wrapper.exe
c:\users\andrew\desktop\__simulation and concurrency__\simcon_labs\acw_otherframework\visual studio solution\release\sdl2_wrapper.ipdb
c:\users\andrew\desktop\__simulation and concurrency__\simcon_labs\acw_otherframework\visual studio solution\release\sdl2_wrapper.iobj
c:\users\andrew\desktop\__simulation and concurrency__\simcon_labs\acw_otherframework\visual studio solution\release\sdl2_wrapper.pdb
c:\users\andrew\desktop\__simulation and concurrency__\simcon_labs\acw_otherframework\visual studio solution\sdl2_wrapper\release\sg_base.obj
c:\users\andrew\desktop\__simulation and concurrency__\simcon_labs\acw_otherframework\visual studio solution\sdl2_wrapper\release\sg_camera.obj
c:\users\andrew\desktop\__simulation and concurrency__\simcon_labs\acw_otherframework\visual studio solution\sdl2_wrapper\release\sg_geometry.obj
c:\users\andrew\desktop\__simulation and concurrency__\simcon_labs\acw_otherframework\visual studio solution\sdl2_wrapper\release\sg_group.obj
c:\users\andrew\desktop\__simulation and concurrency__\simcon_labs\acw_otherframework\visual studio solution\sdl2_wrapper\release\sg_xform.obj
c:\users\andrew\desktop\__simulation and concurrency__\simcon_labs\acw_otherframework\visual studio solution\sdl2_wrapper\release\so_light_source.obj
c:\users\andrew\desktop\__simulation and concurrency__\simcon_labs\acw_otherframework\visual studio solution\sdl2_wrapper\release\visvisible.obj
c:\users\andrew\desktop\__simulation and concurrency__\simcon_labs\acw_otherframework\visual studio solution\sdl2_wrapper\release\v_dfs.obj
c:\users\andrew\desktop\__simulation and concurrency__\simcon_labs\acw_otherframework\visual studio solution\sdl2_wrapper\release\v_injector.obj
c:\users\andrew\desktop\__simulation and concurrency__\simcon_labs\acw_otherframework\visual studio solution\sdl2_wrapper\release\v_linearise.obj
c:\users\andrew\desktop\__simulation and concurrency__\simcon_labs\acw_otherframework\visual studio solution\sdl2_wrapper\release\v_orphanise.obj
c:\users\andrew\desktop\__simulation and concurrency__\simcon_labs\acw_otherframework\visual studio solution\sdl2_wrapper\release\v_transform_wrt_world.obj
c:\users\andrew\desktop\__simulation and concurrency__\simcon_labs\acw_otherframework\visual studio solution\sdl2_wrapper\release\sdl2_wrapper.tlog\cl.command.1.tlog
c:\users\andrew\desktop\__simulation and concurrency__\simcon_labs\acw_otherframework\visual studio solution\sdl2_wrapper\release\sdl2_wrapper.tlog\cl.read.1.tlog
c:\users\andrew\desktop\__simulation and concurrency__\simcon_labs\acw_otherframework\visual studio solution\sdl2_wrapper\release\sdl2_wrapper.tlog\cl.write.1.tlog
c:\users\andrew\desktop\__simulation and concurrency__\simcon_labs\acw_otherframework\visual studio solution\sdl2_wrapper\release\sdl2_wrapper.tlog\link.command.1.tlog
c:\users\andrew\desktop\__simulation and concurrency__\simcon_labs\acw_otherframework\visual studio solution\sdl2_wrapper\release\sdl2_wrapper.tlog\link.read.1.tlog
c:\users\andrew\desktop\__simulation and concurrency__\simcon_labs\acw_otherframework\visual studio solution\sdl2_wrapper\release\sdl2_wrapper.tlog\link.write.1.tlog
